mode: set
github.com/lpegoraro/password-manager/password-manager/password_generator.go:22.75,23.38 1 1
github.com/lpegoraro/password-manager/password-manager/password_generator.go:24.14,25.75 1 1
github.com/lpegoraro/password-manager/password-manager/password_generator.go:26.14,27.40 1 0
github.com/lpegoraro/password-manager/password-manager/password_generator.go:28.16,29.32 1 0
github.com/lpegoraro/password-manager/password-manager/password_generator.go:30.10,31.12 1 1
github.com/lpegoraro/password-manager/password-manager/password_generator.go:35.40,41.2 5 1
github.com/lpegoraro/password-manager/password-manager/password_generator.go:43.46,45.2 1 0
github.com/lpegoraro/password-manager/password-manager/password_generator.go:47.51,49.17 2 1
github.com/lpegoraro/password-manager/password-manager/password_generator.go:62.2,62.11 1 0
github.com/lpegoraro/password-manager/password-manager/password_generator.go:49.17,51.17 2 1
github.com/lpegoraro/password-manager/password-manager/password_generator.go:54.3,54.21 1 1
github.com/lpegoraro/password-manager/password-manager/password_generator.go:51.17,53.4 1 0
github.com/lpegoraro/password-manager/password-manager/password_generator.go:55.8,55.24 1 1
github.com/lpegoraro/password-manager/password-manager/password_generator.go:55.24,57.17 2 1
github.com/lpegoraro/password-manager/password-manager/password_generator.go:60.3,60.21 1 1
github.com/lpegoraro/password-manager/password-manager/password_generator.go:57.17,59.4 1 0
github.com/lpegoraro/password-manager/password-manager/password_manager.go:43.13,46.2 2 0
github.com/lpegoraro/password-manager/password-manager/password_manager.go:90.42,92.50 2 1
github.com/lpegoraro/password-manager/password-manager/password_manager.go:114.2,114.42 1 1
github.com/lpegoraro/password-manager/password-manager/password_manager.go:119.2,119.12 1 1
github.com/lpegoraro/password-manager/password-manager/password_manager.go:92.50,94.42 2 1
github.com/lpegoraro/password-manager/password-manager/password_manager.go:94.42,97.4 2 1
github.com/lpegoraro/password-manager/password-manager/password_manager.go:97.9,97.42 1 1
github.com/lpegoraro/password-manager/password-manager/password_manager.go:97.42,100.4 2 0
github.com/lpegoraro/password-manager/password-manager/password_manager.go:100.9,100.48 1 1
github.com/lpegoraro/password-manager/password-manager/password_manager.go:100.48,103.4 2 1
github.com/lpegoraro/password-manager/password-manager/password_manager.go:103.9,103.48 1 1
github.com/lpegoraro/password-manager/password-manager/password_manager.go:103.48,106.4 2 1
github.com/lpegoraro/password-manager/password-manager/password_manager.go:106.9,106.51 1 1
github.com/lpegoraro/password-manager/password-manager/password_manager.go:106.51,109.4 2 1
github.com/lpegoraro/password-manager/password-manager/password_manager.go:109.9,109.50 1 1
github.com/lpegoraro/password-manager/password-manager/password_manager.go:109.50,112.4 2 0
github.com/lpegoraro/password-manager/password-manager/password_manager.go:114.42,118.3 3 1
github.com/lpegoraro/password-manager/password-manager/password_manager.go:121.39,125.16 4 1
github.com/lpegoraro/password-manager/password-manager/password_manager.go:128.2,129.60 2 1
github.com/lpegoraro/password-manager/password-manager/password_manager.go:125.16,127.3 1 0
github.com/lpegoraro/password-manager/password-manager/password_manager.go:132.36,136.2 3 1
github.com/lpegoraro/password-manager/password-manager/password_manager.go:138.36,142.25 4 1
github.com/lpegoraro/password-manager/password-manager/password_manager.go:145.2,145.28 1 1
github.com/lpegoraro/password-manager/password-manager/password_manager.go:142.25,144.3 1 1
github.com/lpegoraro/password-manager/password-manager/password_manager.go:148.38,152.2 3 0
github.com/lpegoraro/password-manager/password-manager/password_manager.go:154.93,156.49 2 1
github.com/lpegoraro/password-manager/password-manager/password_manager.go:161.2,163.26 3 1
github.com/lpegoraro/password-manager/password-manager/password_manager.go:156.49,158.3 1 1
github.com/lpegoraro/password-manager/password-manager/password_manager.go:158.8,160.3 1 0
github.com/lpegoraro/password-manager/password-manager/password_manager.go:166.62,170.2 3 1
github.com/lpegoraro/password-manager/password-manager/password_manager.go:172.64,174.2 1 1
github.com/lpegoraro/password-manager/password-manager/password_storage.go:9.102,18.26 5 1
github.com/lpegoraro/password-manager/password-manager/password_storage.go:18.26,20.3 1 0
github.com/lpegoraro/password-manager/password-manager/password_storage.go:23.91,27.2 3 1
github.com/lpegoraro/password-manager/password-manager/password-manager-server.go:12.122,14.38 2 0
github.com/lpegoraro/password-manager/password-manager/password-manager-server.go:23.2,26.8 2 0
github.com/lpegoraro/password-manager/password-manager/password-manager-server.go:14.38,22.3 1 0
github.com/lpegoraro/password-manager/password-manager/password-manager-server.go:30.122,35.2 2 0
github.com/lpegoraro/password-manager/password-manager/password_configuration.go:16.54,18.2 1 1
github.com/lpegoraro/password-manager/password-manager/password_configuration.go:20.47,28.2 1 0
github.com/lpegoraro/password-manager/password-manager/password_configuration.go:30.21,31.14 1 1
github.com/lpegoraro/password-manager/password-manager/password_configuration.go:31.14,32.11 1 0
github.com/lpegoraro/password-manager/password-manager/password_configuration.go:36.85,46.16 4 1
github.com/lpegoraro/password-manager/password-manager/password_configuration.go:50.2,52.27 3 1
github.com/lpegoraro/password-manager/password-manager/password_configuration.go:46.16,48.13 2 0
github.com/lpegoraro/password-manager/password-manager/password_configuration.go:52.27,54.24 2 0
github.com/lpegoraro/password-manager/password-manager/password_configuration.go:58.43,60.16 2 1
github.com/lpegoraro/password-manager/password-manager/password_configuration.go:65.2,68.22 4 1
github.com/lpegoraro/password-manager/password-manager/password_configuration.go:60.16,64.3 3 0
github.com/lpegoraro/password-manager/password-manager/password_configuration.go:71.58,73.28 2 0
github.com/lpegoraro/password-manager/password-manager/password_configuration.go:85.2,87.13 3 0
github.com/lpegoraro/password-manager/password-manager/password_configuration.go:73.28,76.17 3 0
github.com/lpegoraro/password-manager/password-manager/password_configuration.go:80.3,80.24 1 0
github.com/lpegoraro/password-manager/password-manager/password_configuration.go:76.17,78.4 1 0
github.com/lpegoraro/password-manager/password-manager/password_configuration.go:80.24,83.4 2 0
